app/build/outputs/logs/manifest-merger-debug-report.txt
-- Merging decision tree log ---
manifest
ADDED from src\main\AndroidManifest.xml:2:1-37:12
INJECTED from src\main\AndroidManifest.xml:2:1-37:12
INJECTED from src\main\AndroidManifest.xml:2:1-37:12
INJECTED from src\main\AndroidManifest.xml:2:1-37:12
MERGED from [com.android.support.test.espresso:espresso-core:3.0.2] AndroidManifest.xml:17:1-24:12
MERGED from [com.android.support.test:runner:1.0.2] AndroidManifest.xml:17:1-24:12
MERGED from [com.android.support:design:28.0.0] AndroidManifest.xml:17:1-24:12
MERGED from [com.android.support:appcompat-v7:28.0.0] AndroidManifest.xml:17:1-22:12
MERGED from [com.qihoo360.replugin:replugin-host-lib:2.2.4] AndroidManifest.xml:17:1-223:12
MERGED from [com.android.support:support-fragment:28.0.0] AndroidManifest.xml:17:1-22:12
MERGED from [com.android.support:animated-vector-drawable:28.0.0] AndroidManifest.xml:17:1-22:12
MERGED from [com.android.support:recyclerview-v7:28.0.0] AndroidManifest.xml:17:1-22:12
MERGED from [com.android.support:support-core-ui:28.0.0] AndroidManifest.xml:17:1-22:12
MERGED from [com.android.support:support-core-utils:28.0.0] AndroidManifest.xml:17:1-22:12
MERGED from [com.android.support:support-vector-drawable:28.0.0] AndroidManifest.xml:17:1-22:12
MERGED from [com.android.support:transition:28.0.0] AndroidManifest.xml:17:1-22:12
MERGED from [com.android.support:loader:28.0.0] AndroidManifest.xml:17:1-22:12
MERGED from [com.android.support:viewpager:28.0.0] AndroidManifest.xml:17:1-22:12
MERGED from [com.android.support:coordinatorlayout:28.0.0] AndroidManifest.xml:17:1-22:12
MERGED from [com.android.support:drawerlayout:28.0.0] AndroidManifest.xml:17:1-22:12
MERGED from [com.android.support:slidingpanelayout:28.0.0] AndroidManifest.xml:17:1-22:12
MERGED from [com.android.support:customview:28.0.0] AndroidManifest.xml:17:1-22:12
MERGED from [com.android.support:swiperefreshlayout:28.0.0] AndroidManifest.xml:17:1-22:12
MERGED from [com.android.support:asynclayoutinflater:28.0.0] AndroidManifest.xml:17:1-22:12
MERGED from [com.android.support:support-compat:28.0.0] AndroidManifest.xml:17:1-24:12
MERGED from [com.android.support:versionedparcelable:28.0.0] AndroidManifest.xml:17:1-25:12
MERGED from [com.android.support:cursoradapter:28.0.0] AndroidManifest.xml:17:1-22:12
MERGED from [com.android.support:cardview-v7:28.0.0] AndroidManifest.xml:17:1-22:12
MERGED from [com.android.support.test:monitor:1.0.2] AndroidManifest.xml:17:1-24:12
MERGED from [android.arch.lifecycle:runtime:1.1.1] AndroidManifest.xml:17:1-22:12
MERGED from [com.android.support:documentfile:28.0.0] AndroidManifest.xml:17:1-22:12
MERGED from [com.android.support:localbroadcastmanager:28.0.0] AndroidManifest.xml:17:1-22:12
MERGED from [com.android.support:print:28.0.0] AndroidManifest.xml:17:1-22:12
MERGED from [android.arch.lifecycle:viewmodel:1.1.1] AndroidManifest.xml:17:1-22:12
MERGED from [com.android.support:interpolator:28.0.0] AndroidManifest.xml:17:1-22:12
MERGED from [android.arch.lifecycle:livedata:1.1.1] AndroidManifest.xml:17:1-22:12
MERGED from [android.arch.lifecycle:livedata-core:1.1.1] AndroidManifest.xml:17:1-22:12
MERGED from [android.arch.core:runtime:1.1.1] AndroidManifest.xml:17:1-22:12
MERGED from [com.android.support.test.espresso:espresso-idling-resource:3.0.2] AndroidManifest.xml:17:1-24:12
INJECTED from src\main\AndroidManifest.xml:2:1-37:12
INJECTED from src\main\AndroidManifest.xml:2:1-37:12
INJECTED from src\main\AndroidManifest.xml:2:1-37:12
	package
		ADDED from src\main\AndroidManifest.xml:3:5-36
		INJECTED from src\main\AndroidManifest.xml
		INJECTED from src\main\AndroidManifest.xml
	android:versionName
		INJECTED from src\main\AndroidManifest.xml
		ADDED from src\main\AndroidManifest.xml:2:1-37:12
		INJECTED from src\main\AndroidManifest.xml
	android:versionCode
		INJECTED from src\main\AndroidManifest.xml
		ADDED from src\main\AndroidManifest.xml:2:1-37:12
		INJECTED from src\main\AndroidManifest.xml
	xmlns:android
		ADDED from src\main\AndroidManifest.xml:2:11-69
uses-sdk
ADDED from src\main\AndroidManifest.xml:4:5-83
INJECTED from src\main\AndroidManifest.xml:4:5-83
INJECTED from src\main\AndroidManifest.xml:4:5-83
MERGED from [com.android.support.test.espresso:espresso-core:3.0.2] AndroidManifest.xml:20:5-22:41
MERGED from [com.android.support.test.espresso:espresso-core:3.0.2] AndroidManifest.xml:20:5-22:41
MERGED from [com.android.support.test:runner:1.0.2] AndroidManifest.xml:20:5-22:41
MERGED from [com.android.support.test:runner:1.0.2] AndroidManifest.xml:20:5-22:41
MERGED from [com.android.support:design:28.0.0] AndroidManifest.xml:20:5-44
MERGED from [com.android.support:design:28.0.0] AndroidManifest.xml:20:5-44
MERGED from [com.android.support:appcompat-v7:28.0.0] AndroidManifest.xml:20:5-44
MERGED from [com.android.support:appcompat-v7:28.0.0] AndroidManifest.xml:20:5-44
MERGED from [com.qihoo360.replugin:replugin-host-lib:2.2.4] AndroidManifest.xml:22:5-24:41
MERGED from [com.qihoo360.replugin:replugin-host-lib:2.2.4] AndroidManifest.xml:22:5-24:41
MERGED from [com.android.support:support-fragment:28.0.0] AndroidManifest.xml:20:5-44
MERGED from [com.android.support:support-fragment:28.0.0] AndroidManifest.xml:20:5-44
MERGED from [com.android.support:animated-vector-drawable:28.0.0] AndroidManifest.xml:20:5-44
MERGED from [com.android.support:animated-vector-drawable:28.0.0] AndroidManifest.xml:20:5-44
MERGED from [com.android.support:recyclerview-v7:28.0.0] AndroidManifest.xml:20:5-44
MERGED from [com.android.support:recyclerview-v7:28.0.0] AndroidManifest.xml:20:5-44
MERGED from [com.android.support:support-core-ui:28.0.0] AndroidManifest.xml:20:5-44
MERGED from [com.android.support:support-core-ui:28.0.0] AndroidManifest.xml:20:5-44
MERGED from [com.android.support:support-core-utils:28.0.0] AndroidManifest.xml:20:5-44
MERGED from [com.android.support:support-core-utils:28.0.0] AndroidManifest.xml:20:5-44
MERGED from [com.android.support:support-vector-drawable:28.0.0] AndroidManifest.xml:20:5-44
MERGED from [com.android.support:support-vector-drawable:28.0.0] AndroidManifest.xml:20:5-44
MERGED from [com.android.support:transition:28.0.0] AndroidManifest.xml:20:5-44
MERGED from [com.android.support:transition:28.0.0] AndroidManifest.xml:20:5-44
MERGED from [com.android.support:loader:28.0.0] AndroidManifest.xml:20:5-44
MERGED from [com.android.support:loader:28.0.0] AndroidManifest.xml:20:5-44
MERGED from [com.android.support:viewpager:28.0.0] AndroidManifest.xml:20:5-44
MERGED from [com.android.support:viewpager:28.0.0] AndroidManifest.xml:20:5-44
MERGED from [com.android.support:coordinatorlayout:28.0.0] AndroidManifest.xml:20:5-44
MERGED from [com.android.support:coordinatorlayout:28.0.0] AndroidManifest.xml:20:5-44
MERGED from [com.android.support:drawerlayout:28.0.0] AndroidManifest.xml:20:5-44
MERGED from [com.android.support:drawerlayout:28.0.0] AndroidManifest.xml:20:5-44
MERGED from [com.android.support:slidingpanelayout:28.0.0] AndroidManifest.xml:20:5-44
MERGED from [com.android.support:slidingpanelayout:28.0.0] AndroidManifest.xml:20:5-44
MERGED from [com.android.support:customview:28.0.0] AndroidManifest.xml:20:5-44
MERGED from [com.android.support:customview:28.0.0] AndroidManifest.xml:20:5-44
MERGED from [com.android.support:swiperefreshlayout:28.0.0] AndroidManifest.xml:20:5-44
MERGED from [com.android.support:swiperefreshlayout:28.0.0] AndroidManifest.xml:20:5-44
MERGED from [com.android.support:asynclayoutinflater:28.0.0] AndroidManifest.xml:20:5-44
MERGED from [com.android.support:asynclayoutinflater:28.0.0] AndroidManifest.xml:20:5-44
MERGED from [com.android.support:support-compat:28.0.0] AndroidManifest.xml:20:5-44
MERGED from [com.android.support:support-compat:28.0.0] AndroidManifest.xml:20:5-44
MERGED from [com.android.support:versionedparcelable:28.0.0] AndroidManifest.xml:20:5-44
MERGED from [com.android.support:versionedparcelable:28.0.0] AndroidManifest.xml:20:5-44
MERGED from [com.android.support:cursoradapter:28.0.0] AndroidManifest.xml:20:5-44
MERGED from [com.android.support:cursoradapter:28.0.0] AndroidManifest.xml:20:5-44
MERGED from [com.android.support:cardview-v7:28.0.0] AndroidManifest.xml:20:5-44
MERGED from [com.android.support:cardview-v7:28.0.0] AndroidManifest.xml:20:5-44
MERGED from [com.android.support.test:monitor:1.0.2] AndroidManifest.xml:20:5-22:41
MERGED from [com.android.support.test:monitor:1.0.2] AndroidManifest.xml:20:5-22:41
MERGED from [android.arch.lifecycle:runtime:1.1.1] AndroidManifest.xml:20:5-44
MERGED from [android.arch.lifecycle:runtime:1.1.1] AndroidManifest.xml:20:5-44
MERGED from [com.android.support:documentfile:28.0.0] AndroidManifest.xml:20:5-44
MERGED from [com.android.support:documentfile:28.0.0] AndroidManifest.xml:20:5-44
MERGED from [com.android.support:localbroadcastmanager:28.0.0] AndroidManifest.xml:20:5-44
MERGED from [com.android.support:localbroadcastmanager:28.0.0] AndroidManifest.xml:20:5-44
MERGED from [com.android.support:print:28.0.0] AndroidManifest.xml:20:5-44
MERGED from [com.android.support:print:28.0.0] AndroidManifest.xml:20:5-44
MERGED from [android.arch.lifecycle:viewmodel:1.1.1] AndroidManifest.xml:20:5-44
MERGED from [android.arch.lifecycle:viewmodel:1.1.1] AndroidManifest.xml:20:5-44
MERGED from [com.android.support:interpolator:28.0.0] AndroidManifest.xml:20:5-44
MERGED from [com.android.support:interpolator:28.0.0] AndroidManifest.xml:20:5-44
MERGED from [android.arch.lifecycle:livedata:1.1.1] AndroidManifest.xml:20:5-44
MERGED from [android.arch.lifecycle:livedata:1.1.1] AndroidManifest.xml:20:5-44
MERGED from [android.arch.lifecycle:livedata-core:1.1.1] AndroidManifest.xml:20:5-44
MERGED from [android.arch.lifecycle:livedata-core:1.1.1] AndroidManifest.xml:20:5-44
MERGED from [android.arch.core:runtime:1.1.1] AndroidManifest.xml:20:5-44
MERGED from [android.arch.core:runtime:1.1.1] AndroidManifest.xml:20:5-44
MERGED from [com.android.support.test.espresso:espresso-idling-resource:3.0.2] AndroidManifest.xml:20:5-22:41
MERGED from [com.android.support.test.espresso:espresso-idling-resource:3.0.2] AndroidManifest.xml:20:5-22:41
INJECTED from src\main\AndroidManifest.xml:4:5-83
INJECTED from src\main\AndroidManifest.xml:4:5-83
	android:targetSdkVersion
		ADDED from src\main\AndroidManifest.xml:4:42-71
		INJECTED from src\main\AndroidManifest.xml
		INJECTED from src\main\AndroidManifest.xml
	android:minSdkVersion
		ADDED from src\main\AndroidManifest.xml:4:15-41
		INJECTED from src\main\AndroidManifest.xml
		INJECTED from src\main\AndroidManifest.xml
application
ADDED from src\main\AndroidManifest.xml:5:5-35:19
MERGED from [com.android.support:design:28.0.0] AndroidManifest.xml:22:5-20
MERGED from [com.android.support:design:28.0.0] AndroidManifest.xml:22:5-20
MERGED from [com.qihoo360.replugin:replugin-host-lib:2.2.4] AndroidManifest.xml:26:5-221:19
MERGED from [com.qihoo360.replugin:replugin-host-lib:2.2.4] AndroidManifest.xml:26:5-221:19
MERGED from [com.android.support:support-compat:28.0.0] AndroidManifest.xml:22:5-94
MERGED from [com.android.support:support-compat:28.0.0] AndroidManifest.xml:22:5-94
MERGED from [com.android.support:versionedparcelable:28.0.0] AndroidManifest.xml:22:5-23:19
MERGED from [com.android.support:versionedparcelable:28.0.0] AndroidManifest.xml:22:5-23:19
	android:appComponentFactory
		ADDED from [com.android.support:support-compat:28.0.0] AndroidManifest.xml:22:18-91
	android:supportsRtl
		ADDED from src\main\AndroidManifest.xml:11:9-35
	android:label
		ADDED from src\main\AndroidManifest.xml:9:9-41
	android:roundIcon
		ADDED from src\main\AndroidManifest.xml:10:9-54
	android:icon
		ADDED from src\main\AndroidManifest.xml:8:9-43
	android:allowBackup
		ADDED from src\main\AndroidManifest.xml:7:9-35
	android:theme
		ADDED from src\main\AndroidManifest.xml:12:9-40
	android:name
		ADDED from src\main\AndroidManifest.xml:6:9-40
activity#com.mytest.mytestdemo.MainActivity
ADDED from src\main\AndroidManifest.xml:13:9-22:20
	android:label
		ADDED from src\main\AndroidManifest.xml:15:13-45
	android:theme
		ADDED from src\main\AndroidManifest.xml:16:13-56
	android:name
		ADDED from src\main\AndroidManifest.xml:14:13-41
intent-filter#action:name:android.intent.action.MAIN+category:name:android.intent.category.LAUNCHER
ADDED from src\main\AndroidManifest.xml:17:13-21:29
action#android.intent.action.MAIN
ADDED from src\main\AndroidManifest.xml:18:17-69
	android:name
		ADDED from src\main\AndroidManifest.xml:18:25-66
category#android.intent.category.LAUNCHER
ADDED from src\main\AndroidManifest.xml:20:17-77
	android:name
		ADDED from src\main\AndroidManifest.xml:20:27-74
service#com.mytest.mytestdemo.MyService
ADDED from src\main\AndroidManifest.xml:23:9-28:19
	android:exported
		ADDED from src\main\AndroidManifest.xml:24:13-36
	android:name
		ADDED from src\main\AndroidManifest.xml:24:37-62
intent-filter#action:name:myBinder
ADDED from src\main\AndroidManifest.xml:25:13-27:29
action#myBinder
ADDED from src\main\AndroidManifest.xml:26:17-51
	android:name
		ADDED from src\main\AndroidManifest.xml:26:25-48
service#com.mytest.mytestdemo.BeanService
ADDED from src\main\AndroidManifest.xml:29:9-34:19
	android:exported
		ADDED from src\main\AndroidManifest.xml:30:13-36
	android:name
		ADDED from src\main\AndroidManifest.xml:30:37-64
intent-filter#action:name:myBinder1
ADDED from src\main\AndroidManifest.xml:31:13-33:29
action#myBinder1
ADDED from src\main\AndroidManifest.xml:32:17-52
	android:name
		ADDED from src\main\AndroidManifest.xml:32:25-49
provider#com.qihoo360.replugin.component.process.ProcessPitProviderUI
ADDED from [com.qihoo360.replugin:replugin-host-lib:2.2.4] AndroidManifest.xml:37:9-40:40
	android:authorities
		ADDED from [com.qihoo360.replugin:replugin-host-lib:2.2.4] AndroidManifest.xml:39:13-67
	android:exported
		ADDED from [com.qihoo360.replugin:replugin-host-lib:2.2.4] AndroidManifest.xml:40:13-37
	android:name
		ADDED from [com.qihoo360.replugin:replugin-host-lib:2.2.4] AndroidManifest.xml:38:13-88
provider#${applicationId}.loader.p.ProviderN1
ADDED from [com.qihoo360.replugin:replugin-host-lib:2.2.4] AndroidManifest.xml:41:9-44:40
	android:authorities
		ADDED from [com.qihoo360.replugin:replugin-host-lib:2.2.4] AndroidManifest.xml:43:13-65
	android:exported
		ADDED from [com.qihoo360.replugin:replugin-host-lib:2.2.4] AndroidManifest.xml:44:13-37
	android:name
		ADDED from [com.qihoo360.replugin:replugin-host-lib:2.2.4] AndroidManifest.xml:42:13-64
provider#com.mytest.mytestdemo.loader.p.ProviderN1
ADDED from [com.qihoo360.replugin:replugin-host-lib:2.2.4] AndroidManifest.xml:41:9-44:40
	android:authorities
		ADDED from [com.qihoo360.replugin:replugin-host-lib:2.2.4] AndroidManifest.xml:43:13-65
	android:exported
		ADDED from [com.qihoo360.replugin:replugin-host-lib:2.2.4] AndroidManifest.xml:44:13-37
	android:name
		ADDED from [com.qihoo360.replugin:replugin-host-lib:2.2.4] AndroidManifest.xml:42:13-64
service#${applicationId}.loader.s.ServiceN1
ADDED from [com.qihoo360.replugin:replugin-host-lib:2.2.4] AndroidManifest.xml:46:9-48:40
	android:exported
		ADDED from [com.qihoo360.replugin:replugin-host-lib:2.2.4] AndroidManifest.xml:48:13-37
	android:name
		ADDED from [com.qihoo360.replugin:replugin-host-lib:2.2.4] AndroidManifest.xml:47:13-63
service#com.mytest.mytestdemo.loader.s.ServiceN1
ADDED from [com.qihoo360.replugin:replugin-host-lib:2.2.4] AndroidManifest.xml:46:9-48:40
	android:exported
		ADDED from [com.qihoo360.replugin:replugin-host-lib:2.2.4] AndroidManifest.xml:48:13-37
	android:name
		ADDED from [com.qihoo360.replugin:replugin-host-lib:2.2.4] AndroidManifest.xml:47:13-63
provider#com.qihoo360.replugin.component.process.ProcessPitProviderLoader0
ADDED from [com.qihoo360.replugin:replugin-host-lib:2.2.4] AndroidManifest.xml:50:9-54:42
	android:process
		ADDED from [com.qihoo360.replugin:replugin-host-lib:2.2.4] AndroidManifest.xml:54:13-39
	android:authorities
		ADDED from [com.qihoo360.replugin:replugin-host-lib:2.2.4] AndroidManifest.xml:52:13-66
	android:exported
		ADDED from [com.qihoo360.replugin:replugin-host-lib:2.2.4] AndroidManifest.xml:53:13-37
	android:name
		ADDED from [com.qihoo360.replugin:replugin-host-lib:2.2.4] AndroidManifest.xml:51:13-93
provider#${applicationId}.loader.p.Provider0
ADDED from [com.qihoo360.replugin:replugin-host-lib:2.2.4] AndroidManifest.xml:55:9-59:42
	android:process
		ADDED from [com.qihoo360.replugin:replugin-host-lib:2.2.4] AndroidManifest.xml:59:13-39
	android:authorities
		ADDED from [com.qihoo360.replugin:replugin-host-lib:2.2.4] AndroidManifest.xml:57:13-64
	android:exported
		ADDED from [com.qihoo360.replugin:replugin-host-lib:2.2.4] AndroidManifest.xml:58:13-37
	android:name
		ADDED from [com.qihoo360.replugin:replugin-host-lib:2.2.4] AndroidManifest.xml:56:13-63
provider#com.mytest.mytestdemo.loader.p.Provider0
ADDED from [com.qihoo360.replugin:replugin-host-lib:2.2.4] AndroidManifest.xml:55:9-59:42
	android:process
		ADDED from [com.qihoo360.replugin:replugin-host-lib:2.2.4] AndroidManifest.xml:59:13-39
	android:authorities
		ADDED from [com.qihoo360.replugin:replugin-host-lib:2.2.4] AndroidManifest.xml:57:13-64
	android:exported
		ADDED from [com.qihoo360.replugin:replugin-host-lib:2.2.4] AndroidManifest.xml:58:13-37
	android:name
		ADDED from [com.qihoo360.replugin:replugin-host-lib:2.2.4] AndroidManifest.xml:56:13-63
service#${applicationId}.loader.s.Service0
ADDED from [com.qihoo360.replugin:replugin-host-lib:2.2.4] AndroidManifest.xml:61:9-64:42
	android:process
		ADDED from [com.qihoo360.replugin:replugin-host-lib:2.2.4] AndroidManifest.xml:64:13-39
	android:exported
		ADDED from [com.qihoo360.replugin:replugin-host-lib:2.2.4] AndroidManifest.xml:63:13-37
	android:name
		ADDED from [com.qihoo360.replugin:replugin-host-lib:2.2.4] AndroidManifest.xml:62:13-62
service#com.mytest.mytestdemo.loader.s.Service0
ADDED from [com.qihoo360.replugin:replugin-host-lib:2.2.4] AndroidManifest.xml:61:9-64:42
	android:process
		ADDED from [com.qihoo360.replugin:replugin-host-lib:2.2.4] AndroidManifest.xml:64:13-39
	android:exported
		ADDED from [com.qihoo360.replugin:replugin-host-lib:2.2.4] AndroidManifest.xml:63:13-37
	android:name
		ADDED from [com.qihoo360.replugin:replugin-host-lib:2.2.4] AndroidManifest.xml:62:13-62
activity#${applicationId}.loader.a.Activity0_singleTask1
ADDED from [com.qihoo360.replugin:replugin-host-lib:2.2.4] AndroidManifest.xml:66:9-74:63
	android:screenOrientation
		ADDED from [com.qihoo360.replugin:replugin-host-lib:2.2.4] AndroidManifest.xml:72:13-49
	android:process
		ADDED from [com.qihoo360.replugin:replugin-host-lib:2.2.4] AndroidManifest.xml:71:13-39
	android:launchMode
		ADDED from [com.qihoo360.replugin:replugin-host-lib:2.2.4] AndroidManifest.xml:70:13-44
	android:exported
		ADDED from [com.qihoo360.replugin:replugin-host-lib:2.2.4] AndroidManifest.xml:69:13-37
	android:configChanges
		ADDED from [com.qihoo360.replugin:replugin-host-lib:2.2.4] AndroidManifest.xml:68:13-83
	android:theme
		ADDED from [com.qihoo360.replugin:replugin-host-lib:2.2.4] AndroidManifest.xml:74:13-60
	android:taskAffinity
		ADDED from [com.qihoo360.replugin:replugin-host-lib:2.2.4] AndroidManifest.xml:73:13-44
	android:name
		ADDED from [com.qihoo360.replugin:replugin-host-lib:2.2.4] AndroidManifest.xml:67:13-75
activity#com.mytest.mytestdemo.loader.a.Activity0_singleTask1
ADDED from [com.qihoo360.replugin:replugin-host-lib:2.2.4] AndroidManifest.xml:66:9-74:63
	android:screenOrientation
		ADDED from [com.qihoo360.replugin:replugin-host-lib:2.2.4] AndroidManifest.xml:72:13-49
	android:process
		ADDED from [com.qihoo360.replugin:replugin-host-lib:2.2.4] AndroidManifest.xml:71:13-39
	android:launchMode
		ADDED from [com.qihoo360.replugin:replugin-host-lib:2.2.4] AndroidManifest.xml:70:13-44
	android:exported
		ADDED from [com.qihoo360.replugin:replugin-host-lib:2.2.4] AndroidManifest.xml:69:13-37
	android:configChanges
		ADDED from [com.qihoo360.replugin:replugin-host-lib:2.2.4] AndroidManifest.xml:68:13-83
	android:theme
		ADDED from [com.qihoo360.replugin:replugin-host-lib:2.2.4] AndroidManifest.xml:74:13-60
	android:taskAffinity
		ADDED from [com.qihoo360.replugin:replugin-host-lib:2.2.4] AndroidManifest.xml:73:13-44
	android:name
		ADDED from [com.qihoo360.replugin:replugin-host-lib:2.2.4] AndroidManifest.xml:67:13-75
activity#${applicationId}.loader.a.Activity0_singleInstance1
ADDED from [com.qihoo360.replugin:replugin-host-lib:2.2.4] AndroidManifest.xml:75:9-82:63
	android:screenOrientation
		ADDED from [com.qihoo360.replugin:replugin-host-lib:2.2.4] AndroidManifest.xml:81:13-49
	android:process
		ADDED from [com.qihoo360.replugin:replugin-host-lib:2.2.4] AndroidManifest.xml:80:13-39
	android:launchMode
		ADDED from [com.qihoo360.replugin:replugin-host-lib:2.2.4] AndroidManifest.xml:79:13-48
	android:exported
		ADDED from [com.qihoo360.replugin:replugin-host-lib:2.2.4] AndroidManifest.xml:78:13-37
	android:configChanges
		ADDED from [com.qihoo360.replugin:replugin-host-lib:2.2.4] AndroidManifest.xml:77:13-83
	android:theme
		ADDED from [com.qihoo360.replugin:replugin-host-lib:2.2.4] AndroidManifest.xml:82:13-60
	android:name
		ADDED from [com.qihoo360.replugin:replugin-host-lib:2.2.4] AndroidManifest.xml:76:13-79
activity#com.mytest.mytestdemo.loader.a.Activity0_singleInstance1
ADDED from [com.qihoo360.replugin:replugin-host-lib:2.2.4] AndroidManifest.xml:75:9-82:63
	android:screenOrientation
		ADDED from [com.qihoo360.replugin:replugin-host-lib:2.2.4] AndroidManifest.xml:81:13-49
	android:process
		ADDED from [com.qihoo360.replugin:replugin-host-lib:2.2.4] AndroidManifest.xml:80:13-39
	android:launchMode
		ADDED from [com.qihoo360.replugin:replugin-host-lib:2.2.4] AndroidManifest.xml:79:13-48
	android:exported
		ADDED from [com.qihoo360.replugin:replugin-host-lib:2.2.4] AndroidManifest.xml:78:13-37
	android:configChanges
		ADDED from [com.qihoo360.replugin:replugin-host-lib:2.2.4] AndroidManifest.xml:77:13-83
	android:theme
		ADDED from [com.qihoo360.replugin:replugin-host-lib:2.2.4] AndroidManifest.xml:82:13-60
	android:name
		ADDED from [com.qihoo360.replugin:replugin-host-lib:2.2.4] AndroidManifest.xml:76:13-79
activity#${applicationId}.loader.a.Activity0_task
ADDED from [com.qihoo360.replugin:replugin-host-lib:2.2.4] AndroidManifest.xml:83:9-89:63
	android:screenOrientation
		ADDED from [com.qihoo360.replugin:replugin-host-lib:2.2.4] AndroidManifest.xml:88:13-49
	android:process
		ADDED from [com.qihoo360.replugin:replugin-host-lib:2.2.4] AndroidManifest.xml:87:13-39
	android:exported
		ADDED from [com.qihoo360.replugin:replugin-host-lib:2.2.4] AndroidManifest.xml:86:13-37
	android:configChanges
		ADDED from [com.qihoo360.replugin:replugin-host-lib:2.2.4] AndroidManifest.xml:85:13-83
	android:theme
		ADDED from [com.qihoo360.replugin:replugin-host-lib:2.2.4] AndroidManifest.xml:89:13-60
	android:name
		ADDED from [com.qihoo360.replugin:replugin-host-lib:2.2.4] AndroidManifest.xml:84:13-68
activity#com.mytest.mytestdemo.loader.a.Activity0_task
ADDED from [com.qihoo360.replugin:replugin-host-lib:2.2.4] AndroidManifest.xml:83:9-89:63
	android:screenOrientation
		ADDED from [com.qihoo360.replugin:replugin-host-lib:2.2.4] AndroidManifest.xml:88:13-49
	android:process
		ADDED from [com.qihoo360.replugin:replugin-host-lib:2.2.4] AndroidManifest.xml:87:13-39
	android:exported
		ADDED from [com.qihoo360.replugin:replugin-host-lib:2.2.4] AndroidManifest.xml:86:13-37
	android:configChanges
		ADDED from [com.qihoo360.replugin:replugin-host-lib:2.2.4] AndroidManifest.xml:85:13-83
	android:theme
		ADDED from [com.qihoo360.replugin:replugin-host-lib:2.2.4] AndroidManifest.xml:89:13-60
	android:name
		ADDED from [com.qihoo360.replugin:replugin-host-lib:2.2.4] AndroidManifest.xml:84:13-68
activity#${applicationId}.loader.a.Activity0_fullscreen
ADDED from [com.qihoo360.replugin:replugin-host-lib:2.2.4] AndroidManifest.xml:90:9-96:74
	android:screenOrientation
		ADDED from [com.qihoo360.replugin:replugin-host-lib:2.2.4] AndroidManifest.xml:95:13-49
	android:process
		ADDED from [com.qihoo360.replugin:replugin-host-lib:2.2.4] AndroidManifest.xml:94:13-39
	android:exported
		ADDED from [com.qihoo360.replugin:replugin-host-lib:2.2.4] AndroidManifest.xml:93:13-37
	android:configChanges
		ADDED from [com.qihoo360.replugin:replugin-host-lib:2.2.4] AndroidManifest.xml:92:13-83
	android:theme
		ADDED from [com.qihoo360.replugin:replugin-host-lib:2.2.4] AndroidManifest.xml:96:13-71
	android:name
		ADDED from [com.qihoo360.replugin:replugin-host-lib:2.2.4] AndroidManifest.xml:91:13-74
activity#com.mytest.mytestdemo.loader.a.Activity0_fullscreen
ADDED from [com.qihoo360.replugin:replugin-host-lib:2.2.4] AndroidManifest.xml:90:9-96:74
	android:screenOrientation
		ADDED from [com.qihoo360.replugin:replugin-host-lib:2.2.4] AndroidManifest.xml:95:13-49
	android:process
		ADDED from [com.qihoo360.replugin:replugin-host-lib:2.2.4] AndroidManifest.xml:94:13-39
	android:exported
		ADDED from [com.qihoo360.replugin:replugin-host-lib:2.2.4] AndroidManifest.xml:93:13-37
	android:configChanges
		ADDED from [com.qihoo360.replugin:replugin-host-lib:2.2.4] AndroidManifest.xml:92:13-83
	android:theme
		ADDED from [com.qihoo360.replugin:replugin-host-lib:2.2.4] AndroidManifest.xml:96:13-71
	android:name
		ADDED from [com.qihoo360.replugin:replugin-host-lib:2.2.4] AndroidManifest.xml:91:13-74
activity#${applicationId}.loader.a.Activity0_translucent
ADDED from [com.qihoo360.replugin:replugin-host-lib:2.2.4] AndroidManifest.xml:97:9-103:75
	android:screenOrientation
		ADDED from [com.qihoo360.replugin:replugin-host-lib:2.2.4] AndroidManifest.xml:102:13-49
	android:process
		ADDED from [com.qihoo360.replugin:replugin-host-lib:2.2.4] AndroidManifest.xml:101:13-39
	android:exported
		ADDED from [com.qihoo360.replugin:replugin-host-lib:2.2.4] AndroidManifest.xml:100:13-37
	android:configChanges
		ADDED from [com.qihoo360.replugin:replugin-host-lib:2.2.4] AndroidManifest.xml:99:13-83
	android:theme
		ADDED from [com.qihoo360.replugin:replugin-host-lib:2.2.4] AndroidManifest.xml:103:13-72
	android:name
		ADDED from [com.qihoo360.replugin:replugin-host-lib:2.2.4] AndroidManifest.xml:98:13-75
activity#com.mytest.mytestdemo.loader.a.Activity0_translucent
ADDED from [com.qihoo360.replugin:replugin-host-lib:2.2.4] AndroidManifest.xml:97:9-103:75
	android:screenOrientation
		ADDED from [com.qihoo360.replugin:replugin-host-lib:2.2.4] AndroidManifest.xml:102:13-49
	android:process
		ADDED from [com.qihoo360.replugin:replugin-host-lib:2.2.4] AndroidManifest.xml:101:13-39
	android:exported
		ADDED from [com.qihoo360.replugin:replugin-host-lib:2.2.4] AndroidManifest.xml:100:13-37
	android:configChanges
		ADDED from [com.qihoo360.replugin:replugin-host-lib:2.2.4] AndroidManifest.xml:99:13-83
	android:theme
		ADDED from [com.qihoo360.replugin:replugin-host-lib:2.2.4] AndroidManifest.xml:103:13-72
	android:name
		ADDED from [com.qihoo360.replugin:replugin-host-lib:2.2.4] AndroidManifest.xml:98:13-75
activity#${applicationId}.loader.a.Activity0_translucent_fullscreen
ADDED from [com.qihoo360.replugin:replugin-host-lib:2.2.4] AndroidManifest.xml:104:9-110:86
	android:screenOrientation
		ADDED from [com.qihoo360.replugin:replugin-host-lib:2.2.4] AndroidManifest.xml:109:13-49
	android:process
		ADDED from [com.qihoo360.replugin:replugin-host-lib:2.2.4] AndroidManifest.xml:108:13-39
	android:exported
		ADDED from [com.qihoo360.replugin:replugin-host-lib:2.2.4] AndroidManifest.xml:107:13-37
	android:configChanges
		ADDED from [com.qihoo360.replugin:replugin-host-lib:2.2.4] AndroidManifest.xml:106:13-83
	android:theme
		ADDED from [com.qihoo360.replugin:replugin-host-lib:2.2.4] AndroidManifest.xml:110:13-83
	android:name
		ADDED from [com.qihoo360.replugin:replugin-host-lib:2.2.4] AndroidManifest.xml:105:13-86
activity#com.mytest.mytestdemo.loader.a.Activity0_translucent_fullscreen
ADDED from [com.qihoo360.replugin:replugin-host-lib:2.2.4] AndroidManifest.xml:104:9-110:86
	android:screenOrientation
		ADDED from [com.qihoo360.replugin:replugin-host-lib:2.2.4] AndroidManifest.xml:109:13-49
	android:process
		ADDED from [com.qihoo360.replugin:replugin-host-lib:2.2.4] AndroidManifest.xml:108:13-39
	android:exported
		ADDED from [com.qihoo360.replugin:replugin-host-lib:2.2.4] AndroidManifest.xml:107:13-37
	android:configChanges
		ADDED from [com.qihoo360.replugin:replugin-host-lib:2.2.4] AndroidManifest.xml:106:13-83
	android:theme
		ADDED from [com.qihoo360.replugin:replugin-host-lib:2.2.4] AndroidManifest.xml:110:13-83
	android:name
		ADDED from [com.qihoo360.replugin:replugin-host-lib:2.2.4] AndroidManifest.xml:105:13-86
activity#${applicationId}.loader.a.Activity0_dialog
ADDED from [com.qihoo360.replugin:replugin-host-lib:2.2.4] AndroidManifest.xml:111:9-117:59
	android:screenOrientation
		ADDED from [com.qihoo360.replugin:replugin-host-lib:2.2.4] AndroidManifest.xml:116:13-49
	android:process
		ADDED from [com.qihoo360.replugin:replugin-host-lib:2.2.4] AndroidManifest.xml:115:13-39
	android:exported
		ADDED from [com.qihoo360.replugin:replugin-host-lib:2.2.4] AndroidManifest.xml:114:13-37
	android:configChanges
		ADDED from [com.qihoo360.replugin:replugin-host-lib:2.2.4] AndroidManifest.xml:113:13-83
	android:theme
		ADDED from [com.qihoo360.replugin:replugin-host-lib:2.2.4] AndroidManifest.xml:117:13-56
	android:name
		ADDED from [com.qihoo360.replugin:replugin-host-lib:2.2.4] AndroidManifest.xml:112:13-70
activity#com.mytest.mytestdemo.loader.a.Activity0_dialog
ADDED from [com.qihoo360.replugin:replugin-host-lib:2.2.4] AndroidManifest.xml:111:9-117:59
	android:screenOrientation
		ADDED from [com.qihoo360.replugin:replugin-host-lib:2.2.4] AndroidManifest.xml:116:13-49
	android:process
		ADDED from [com.qihoo360.replugin:replugin-host-lib:2.2.4] AndroidManifest.xml:115:13-39
	android:exported
		ADDED from [com.qihoo360.replugin:replugin-host-lib:2.2.4] AndroidManifest.xml:114:13-37
	android:configChanges
		ADDED from [com.qihoo360.replugin:replugin-host-lib:2.2.4] AndroidManifest.xml:113:13-83